<?xml version="1.0" encoding="UTF-8"?>
<!-- Generated by org.testng.reporters.JUnitReportReporter -->
<testsuite hostname="DESKTOP-D9A3G2E" failures="0" tests="1" name="com.framework.tests.LoginTest" time="5.452" errors="0" timestamp="2023-01-29T02:59:04 GMT-05:00" skipped="0">
  <testcase classname="com.framework.tests.LoginTest" name="Testing_loginToMyApplication" time="5.452"/>
  <system-out>
    <![CDATA[Entering username - standard_user
Entering password - secret_sauce
Clicking login button]]>
  </system-out>
</testsuite> <!-- com.framework.tests.LoginTest -->
