<?xml version="1.0" encoding="UTF-8"?>
<!-- Generated by org.testng.reporters.JUnitReportReporter -->
<testsuite hostname="DESKTOP-D9A3G2E" failures="0" tests="1" name="com.framework.tests.TestWithoutFramework" time="10.952" errors="0" timestamp="2023-01-29T00:11:51 GMT-05:00" skipped="0">
  <testcase classname="com.framework.tests.TestWithoutFramework" name="loginToMyApplication" time="10.952"/>
  <system-out/>
</testsuite> <!-- com.framework.tests.TestWithoutFramework -->
